# JRE version: OpenJDK Runtime Environment GraalVM CE 22.3.0 (17.0.5+8) (build 17.0.5+8-jvmci-22.3-b08)
# Java VM: OpenJDK 64-Bit Server VM GraalVM CE 22.3.0 (17.0.5+8-jvmci-22.3-b08, mixed mode, sharing, tiered, jvmci, jvmci compiler, compressed oops, compressed class ptrs, parallel gc, linux-amd64)
GC Precious Log:
 CPUs: 8 total, 1 available
 Memory: 1024M
 Large Page Support: Disabled
 NUMA Support: Disabled
 Compressed Oops: Enabled (32-bit)
 Alignments: Space 512K, Generation 512K, Heap 2M
 Heap Min Capacity: 100M
 Heap Initial Capacity: 100M
 Heap Max Capacity: 512M
 Pre-touch: Disabled
 Parallel Workers: 1
Heap:
 PSYoungGen      total 30208K, used 22527K [0x00000000f5580000, 0x00000000f7b80000, 0x0000000100000000)
  eden space 22528K, 99% used [0x00000000f5580000,0x00000000f6b7fff0,0x00000000f6b80000)
  from space 7680K, 0% used [0x00000000f6b80000,0x00000000f6b80000,0x00000000f7300000)
  to   space 7680K, 0% used [0x00000000f7300000,0x00000000f7300000,0x00000000f7a80000)
 ParOldGen       total 349696K, used 349695K [0x00000000e0000000, 0x00000000f5580000, 0x00000000f5580000)
  object space 349696K, 99% used [0x00000000e0000000,0x00000000f557fff8,0x00000000f5580000)
 Metaspace       used 54792K, committed 55680K, reserved 1105920K
  class space    used 5474K, committed 5824K, reserved 1048576K
GC Heap History (20 events):
Event: 479.698 GC heap before
{Heap before GC invocations=436 (full 326):
 PSYoungGen      total 30208K, used 22528K [0x00000000f5580000, 0x00000000f7b80000, 0x0000000100000000)
  eden space 22528K, 100% used [0x00000000f5580000,0x00000000f6b80000,0x00000000f6b80000)
  from space 7680K, 0% used [0x00000000f6b80000,0x00000000f6b80000,0x00000000f7300000)
  to   space 7680K, 0% used [0x00000000f7300000,0x00000000f7300000,0x00000000f7a80000)
 ParOldGen       total 349696K, used 349694K [0x00000000e0000000, 0x00000000f5580000, 0x00000000f5580000)
  object space 349696K, 99% used [0x00000000e0000000,0x00000000f557f890,0x00000000f5580000)
 Metaspace       used 54791K, committed 55680K, reserved 1105920K
  class space    used 5474K, committed 5824K, reserved 1048576K
}
Event: 481.070 GC heap after
{Heap after GC invocations=436 (full 326):
 PSYoungGen      total 30208K, used 22527K [0x00000000f5580000, 0x00000000f7b80000, 0x0000000100000000)
  eden space 22528K, 99% used [0x00000000f5580000,0x00000000f6b7fff0,0x00000000f6b80000)
  from space 7680K, 0% used [0x00000000f7300000,0x00000000f7300000,0x00000000f7a80000)
  to   space 7680K, 0% used [0x00000000f6b80000,0x00000000f6b80000,0x00000000f7300000)
 ParOldGen       total 349696K, used 349694K [0x00000000e0000000, 0x00000000f5580000, 0x00000000f5580000)
  object space 349696K, 99% used [0x00000000e0000000,0x00000000f557f890,0x00000000f5580000)
 Metaspace       used 54791K, committed 55680K, reserved 1105920K
  class space    used 5474K, committed 5824K, reserved 1048576K
}
Event: 481.070 GC heap before
{Heap before GC invocations=437 (full 327):
 PSYoungGen      total 30208K, used 22528K [0x00000000f5580000, 0x00000000f7b80000, 0x0000000100000000)
  eden space 22528K, 100% used [0x00000000f5580000,0x00000000f6b80000,0x00000000f6b80000)
  from space 7680K, 0% used [0x00000000f7300000,0x00000000f7300000,0x00000000f7a80000)
  to   space 7680K, 0% used [0x00000000f6b80000,0x00000000f6b80000,0x00000000f7300000)
 ParOldGen       total 349696K, used 349694K [0x00000000e0000000, 0x00000000f5580000, 0x00000000f5580000)
  object space 349696K, 99% used [0x00000000e0000000,0x00000000f557f890,0x00000000f5580000)
 Metaspace       used 54791K, committed 55680K, reserved 1105920K
  class space    used 5474K, committed 5824K, reserved 1048576K
}
Event: 482.294 GC heap after
{Heap after GC invocations=437 (full 327):
 PSYoungGen      total 30208K, used 22527K [0x00000000f5580000, 0x00000000f7b80000, 0x0000000100000000)
  eden space 22528K, 99% used [0x00000000f5580000,0x00000000f6b7fff0,0x00000000f6b80000)
  from space 7680K, 0% used [0x00000000f6b80000,0x00000000f6b80000,0x00000000f7300000)
  to   space 7680K, 0% used [0x00000000f7300000,0x00000000f7300000,0x00000000f7a80000)
 ParOldGen       total 349696K, used 349694K [0x00000000e0000000, 0x00000000f5580000, 0x00000000f5580000)
  object space 349696K, 99% used [0x00000000e0000000,0x00000000f557f890,0x00000000f5580000)
 Metaspace       used 54791K, committed 55680K, reserved 1105920K
  class space    used 5474K, committed 5824K, reserved 1048576K
}
Event: 482.294 GC heap before
{Heap before GC invocations=438 (full 328):
 PSYoungGen      total 30208K, used 22528K [0x00000000f5580000, 0x00000000f7b80000, 0x0000000100000000)
  eden space 22528K, 100% used [0x00000000f5580000,0x00000000f6b80000,0x00000000f6b80000)
  from space 7680K, 0% used [0x00000000f6b80000,0x00000000f6b80000,0x00000000f7300000)
  to   space 7680K, 0% used [0x00000000f7300000,0x00000000f7300000,0x00000000f7a80000)
 ParOldGen       total 349696K, used 349694K [0x00000000e0000000, 0x00000000f5580000, 0x00000000f5580000)
  object space 349696K, 99% used [0x00000000e0000000,0x00000000f557f890,0x00000000f5580000)
 Metaspace       used 54791K, committed 55680K, reserved 1105920K
  class space    used 5474K, committed 5824K, reserved 1048576K
}
Event: 483.579 GC heap after
{Heap after GC invocations=438 (full 328):
 PSYoungGen      total 30208K, used 22527K [0x00000000f5580000, 0x00000000f7b80000, 0x0000000100000000)
  eden space 22528K, 99% used [0x00000000f5580000,0x00000000f6b7fff0,0x00000000f6b80000)
  from space 7680K, 0% used [0x00000000f7300000,0x00000000f7300000,0x00000000f7a80000)
  to   space 7680K, 0% used [0x00000000f6b80000,0x00000000f6b80000,0x00000000f7300000)
 ParOldGen       total 349696K, used 349694K [0x00000000e0000000, 0x00000000f5580000, 0x00000000f5580000)
  object space 349696K, 99% used [0x00000000e0000000,0x00000000f557f890,0x00000000f5580000)
 Metaspace       used 54791K, committed 55680K, reserved 1105920K
  class space    used 5474K, committed 5824K, reserved 1048576K
}
Event: 483.579 GC heap before
{Heap before GC invocations=439 (full 329):
 PSYoungGen      total 30208K, used 22528K [0x00000000f5580000, 0x00000000f7b80000, 0x0000000100000000)
  eden space 22528K, 100% used [0x00000000f5580000,0x00000000f6b80000,0x00000000f6b80000)
  from space 7680K, 0% used [0x00000000f7300000,0x00000000f7300000,0x00000000f7a80000)
  to   space 7680K, 0% used [0x00000000f6b80000,0x00000000f6b80000,0x00000000f7300000)
 ParOldGen       total 349696K, used 349695K [0x00000000e0000000, 0x00000000f5580000, 0x00000000f5580000)
  object space 349696K, 99% used [0x00000000e0000000,0x00000000f557fe48,0x00000000f5580000)
 Metaspace       used 54791K, committed 55680K, reserved 1105920K
  class space    used 5474K, committed 5824K, reserved 1048576K
}
Event: 484.782 GC heap after
{Heap after GC invocations=439 (full 329):
 PSYoungGen      total 30208K, used 22527K [0x00000000f5580000, 0x00000000f7b80000, 0x0000000100000000)
  eden space 22528K, 99% used [0x00000000f5580000,0x00000000f6b7ff40,0x00000000f6b80000)
  from space 7680K, 0% used [0x00000000f6b80000,0x00000000f6b80000,0x00000000f7300000)
  to   space 7680K, 0% used [0x00000000f7300000,0x00000000f7300000,0x00000000f7a80000)
 ParOldGen       total 349696K, used 349695K [0x00000000e0000000, 0x00000000f5580000, 0x00000000f5580000)
  object space 349696K, 99% used [0x00000000e0000000,0x00000000f557fc58,0x00000000f5580000)
 Metaspace       used 54791K, committed 55680K, reserved 1105920K
  class space    used 5474K, committed 5824K, reserved 1048576K
}
Event: 484.782 GC heap before
{Heap before GC invocations=440 (full 330):
 PSYoungGen      total 30208K, used 22527K [0x00000000f5580000, 0x00000000f7b80000, 0x0000000100000000)
  eden space 22528K, 99% used [0x00000000f5580000,0x00000000f6b7ff40,0x00000000f6b80000)
  from space 7680K, 0% used [0x00000000f6b80000,0x00000000f6b80000,0x00000000f7300000)
  to   space 7680K, 0% used [0x00000000f7300000,0x00000000f7300000,0x00000000f7a80000)
 ParOldGen       total 349696K, used 349695K [0x00000000e0000000, 0x00000000f5580000, 0x00000000f5580000)
  object space 349696K, 99% used [0x00000000e0000000,0x00000000f557fc58,0x00000000f5580000)
 Metaspace       used 54791K, committed 55680K, reserved 1105920K
  class space    used 5474K, committed 5824K, reserved 1048576K
}
Event: 486.064 GC heap after
{Heap after GC invocations=440 (full 330):
 PSYoungGen      total 30208K, used 22527K [0x00000000f5580000, 0x00000000f7b80000, 0x0000000100000000)
  eden space 22528K, 99% used [0x00000000f5580000,0x00000000f6b7ff40,0x00000000f6b80000)
  from space 7680K, 0% used [0x00000000f7300000,0x00000000f7300000,0x00000000f7a80000)
  to   space 7680K, 0% used [0x00000000f6b80000,0x00000000f6b80000,0x00000000f7300000)
 ParOldGen       total 349696K, used 349695K [0x00000000e0000000, 0x00000000f5580000, 0x00000000f5580000)
  object space 349696K, 99% used [0x00000000e0000000,0x00000000f557fc58,0x00000000f5580000)
 Metaspace       used 54791K, committed 55680K, reserved 1105920K
  class space    used 5474K, committed 5824K, reserved 1048576K
}
Event: 486.065 GC heap before
{Heap before GC invocations=441 (full 331):
 PSYoungGen      total 30208K, used 22528K [0x00000000f5580000, 0x00000000f7b80000, 0x0000000100000000)
  eden space 22528K, 100% used [0x00000000f5580000,0x00000000f6b80000,0x00000000f6b80000)
  from space 7680K, 0% used [0x00000000f7300000,0x00000000f7300000,0x00000000f7a80000)
  to   space 7680K, 0% used [0x00000000f6b80000,0x00000000f6b80000,0x00000000f7300000)
 ParOldGen       total 349696K, used 349695K [0x00000000e0000000, 0x00000000f5580000, 0x00000000f5580000)
  object space 349696K, 99% used [0x00000000e0000000,0x00000000f557fce8,0x00000000f5580000)
 Metaspace       used 54792K, committed 55680K, reserved 1105920K
  class space    used 5474K, committed 5824K, reserved 1048576K
}
Event: 487.376 GC heap after
{Heap after GC invocations=441 (full 331):
 PSYoungGen      total 30208K, used 22528K [0x00000000f5580000, 0x00000000f7b80000, 0x0000000100000000)
  eden space 22528K, 100% used [0x00000000f5580000,0x00000000f6b80000,0x00000000f6b80000)
  from space 7680K, 0% used [0x00000000f6b80000,0x00000000f6b80000,0x00000000f7300000)
  to   space 7680K, 0% used [0x00000000f7300000,0x00000000f7300000,0x00000000f7a80000)
 ParOldGen       total 349696K, used 349693K [0x00000000e0000000, 0x00000000f5580000, 0x00000000f5580000)
  object space 349696K, 99% used [0x00000000e0000000,0x00000000f557f728,0x00000000f5580000)
 Metaspace       used 54792K, committed 55680K, reserved 1105920K
  class space    used 5474K, committed 5824K, reserved 1048576K
}
Event: 487.380 GC heap before
{Heap before GC invocations=442 (full 332):
 PSYoungGen      total 30208K, used 22528K [0x00000000f5580000, 0x00000000f7b80000, 0x0000000100000000)
  eden space 22528K, 100% used [0x00000000f5580000,0x00000000f6b80000,0x00000000f6b80000)
  from space 7680K, 0% used [0x00000000f6b80000,0x00000000f6b80000,0x00000000f7300000)
  to   space 7680K, 0% used [0x00000000f7300000,0x00000000f7300000,0x00000000f7a80000)
 ParOldGen       total 349696K, used 349695K [0x00000000e0000000, 0x00000000f5580000, 0x00000000f5580000)
  object space 349696K, 99% used [0x00000000e0000000,0x00000000f557ffe8,0x00000000f5580000)
 Metaspace       used 54792K, committed 55680K, reserved 1105920K
  class space    used 5474K, committed 5824K, reserved 1048576K
}
Event: 488.660 GC heap after
{Heap after GC invocations=442 (full 332):
 PSYoungGen      total 30208K, used 22527K [0x00000000f5580000, 0x00000000f7b80000, 0x0000000100000000)
  eden space 22528K, 99% used [0x00000000f5580000,0x00000000f6b7fec8,0x00000000f6b80000)
  from space 7680K, 0% used [0x00000000f7300000,0x00000000f7300000,0x00000000f7a80000)
  to   space 7680K, 0% used [0x00000000f6b80000,0x00000000f6b80000,0x00000000f7300000)
 ParOldGen       total 349696K, used 349694K [0x00000000e0000000, 0x00000000f5580000, 0x00000000f5580000)
  object space 349696K, 99% used [0x00000000e0000000,0x00000000f557f960,0x00000000f5580000)
 Metaspace       used 54792K, committed 55680K, reserved 1105920K
  class space    used 5474K, committed 5824K, reserved 1048576K
}
Event: 488.660 GC heap before
{Heap before GC invocations=443 (full 333):
 PSYoungGen      total 30208K, used 22527K [0x00000000f5580000, 0x00000000f7b80000, 0x0000000100000000)
  eden space 22528K, 99% used [0x00000000f5580000,0x00000000f6b7fff0,0x00000000f6b80000)
  from space 7680K, 0% used [0x00000000f7300000,0x00000000f7300000,0x00000000f7a80000)
  to   space 7680K, 0% used [0x00000000f6b80000,0x00000000f6b80000,0x00000000f7300000)
 ParOldGen       total 349696K, used 349694K [0x00000000e0000000, 0x00000000f5580000, 0x00000000f5580000)
  object space 349696K, 99% used [0x00000000e0000000,0x00000000f557f960,0x00000000f5580000)
 Metaspace       used 54792K, committed 55680K, reserved 1105920K
  class space    used 5474K, committed 5824K, reserved 1048576K
}
Event: 489.870 GC heap after
{Heap after GC invocations=443 (full 333):
 PSYoungGen      total 30208K, used 22527K [0x00000000f5580000, 0x00000000f7b80000, 0x0000000100000000)
  eden space 22528K, 99% used [0x00000000f5580000,0x00000000f6b7fff0,0x00000000f6b80000)
  from space 7680K, 0% used [0x00000000f6b80000,0x00000000f6b80000,0x00000000f7300000)
  to   space 7680K, 0% used [0x00000000f7300000,0x00000000f7300000,0x00000000f7a80000)
 ParOldGen       total 349696K, used 349694K [0x00000000e0000000, 0x00000000f5580000, 0x00000000f5580000)
  object space 349696K, 99% used [0x00000000e0000000,0x00000000f557f960,0x00000000f5580000)
 Metaspace       used 54792K, committed 55680K, reserved 1105920K
  class space    used 5474K, committed 5824K, reserved 1048576K
}
Event: 489.870 GC heap before
{Heap before GC invocations=444 (full 334):
 PSYoungGen      total 30208K, used 22527K [0x00000000f5580000, 0x00000000f7b80000, 0x0000000100000000)
  eden space 22528K, 99% used [0x00000000f5580000,0x00000000f6b7fff0,0x00000000f6b80000)
  from space 7680K, 0% used [0x00000000f6b80000,0x00000000f6b80000,0x00000000f7300000)
  to   space 7680K, 0% used [0x00000000f7300000,0x00000000f7300000,0x00000000f7a80000)
 ParOldGen       total 349696K, used 349695K [0x00000000e0000000, 0x00000000f5580000, 0x00000000f5580000)
  object space 349696K, 99% used [0x00000000e0000000,0x00000000f557fc70,0x00000000f5580000)
 Metaspace       used 54792K, committed 55680K, reserved 1105920K
  class space    used 5474K, committed 5824K, reserved 1048576K
}
Event: 491.198 GC heap after
{Heap after GC invocations=444 (full 334):
 PSYoungGen      total 30208K, used 22527K [0x00000000f5580000, 0x00000000f7b80000, 0x0000000100000000)
  eden space 22528K, 99% used [0x00000000f5580000,0x00000000f6b7ff40,0x00000000f6b80000)
  from space 7680K, 0% used [0x00000000f7300000,0x00000000f7300000,0x00000000f7a80000)
  to   space 7680K, 0% used [0x00000000f6b80000,0x00000000f6b80000,0x00000000f7300000)
 ParOldGen       total 349696K, used 349695K [0x00000000e0000000, 0x00000000f5580000, 0x00000000f5580000)
  object space 349696K, 99% used [0x00000000e0000000,0x00000000f557fc10,0x00000000f5580000)
 Metaspace       used 54792K, committed 55680K, reserved 1105920K
  class space    used 5474K, committed 5824K, reserved 1048576K
}
Event: 491.198 GC heap before
{Heap before GC invocations=445 (full 335):
 PSYoungGen      total 30208K, used 22527K [0x00000000f5580000, 0x00000000f7b80000, 0x0000000100000000)
  eden space 22528K, 99% used [0x00000000f5580000,0x00000000f6b7ff40,0x00000000f6b80000)
  from space 7680K, 0% used [0x00000000f7300000,0x00000000f7300000,0x00000000f7a80000)
  to   space 7680K, 0% used [0x00000000f6b80000,0x00000000f6b80000,0x00000000f7300000)
 ParOldGen       total 349696K, used 349695K [0x00000000e0000000, 0x00000000f5580000, 0x00000000f5580000)
  object space 349696K, 99% used [0x00000000e0000000,0x00000000f557fc10,0x00000000f5580000)
 Metaspace       used 54792K, committed 55680K, reserved 1105920K
  class space    used 5474K, committed 5824K, reserved 1048576K
}
Event: 492.478 GC heap after
{Heap after GC invocations=445 (full 335):
 PSYoungGen      total 30208K, used 22527K [0x00000000f5580000, 0x00000000f7b80000, 0x0000000100000000)
  eden space 22528K, 99% used [0x00000000f5580000,0x00000000f6b7ff40,0x00000000f6b80000)
  from space 7680K, 0% used [0x00000000f6b80000,0x00000000f6b80000,0x00000000f7300000)
  to   space 7680K, 0% used [0x00000000f7300000,0x00000000f7300000,0x00000000f7a80000)
 ParOldGen       total 349696K, used 349695K [0x00000000e0000000, 0x00000000f5580000, 0x00000000f5580000)
  object space 349696K, 99% used [0x00000000e0000000,0x00000000f557fc10,0x00000000f5580000)
 Metaspace       used 54792K, committed 55680K, reserved 1105920K
  class space    used 5474K, committed 5824K, reserved 1048576K
}

